<?xml version="1.0" encoding="UTF-8"?>
<testng-results ignored="0" total="1" passed="1" failed="0" skipped="0">
  <reporter-output>
    <line>
      <![CDATA[Welcome page displayed]]>
    </line>
    <line>
      <![CDATA[Login page displayed]]>
    </line>
    <line>
      <![CDATA[Home page displayed]]>
    </line>
  </reporter-output>
  <suite started-at="2024-11-07T21:35:22 IST" name="Default suite" finished-at="2024-11-07T21:36:36 IST" duration-ms="74132">
    <groups>
    </groups>
    <test started-at="2024-11-07T21:35:22 IST" name="Default test" finished-at="2024-11-07T21:36:36 IST" duration-ms="74132">
      <class name="demowebshop.TestScript">
        <test-method signature="demo()[pri:0, instance:demowebshop.TestScript@793f29ff]" started-at="2024-11-07T21:35:22 IST" name="demo" finished-at="2024-11-07T21:36:36 IST" duration-ms="74039" status="PASS">
          <reporter-output>
            <line>
              <![CDATA[Welcome page displayed]]>
            </line>
            <line>
              <![CDATA[Login page displayed]]>
            </line>
            <line>
              <![CDATA[Home page displayed]]>
            </line>
          </reporter-output>
        </test-method> <!-- demo -->
      </class> <!-- demowebshop.TestScript -->
    </test> <!-- Default test -->
  </suite> <!-- Default suite -->
</testng-results>
